<html>
<head>
<title>TestNG:  Test2</title>
<link href="../testng.css" rel="stylesheet" type="text/css" />
<link href="../my-testng.css" rel="stylesheet" type="text/css" />

<style type="text/css">
.log { display: none;} 
.stack-trace { display: none;} 
</style>
<script type="text/javascript">
<!--
function flip(e) {
  current = e.style.display;
  if (current == 'block') {
    e.style.display = 'none';
    return 0;
  }
  else {
    e.style.display = 'block';
    return 1;
  }
}

function toggleBox(szDivId, elem, msg1, msg2)
{
  var res = -1;  if (document.getElementById) {
    res = flip(document.getElementById(szDivId));
  }
  else if (document.all) {
    // this is the way old msie versions work
    res = flip(document.all[szDivId]);
  }
  if(elem) {
    if(res == 0) elem.innerHTML = msg1; else elem.innerHTML = msg2;
  }

}

function toggleAllBoxes() {
  if (document.getElementsByTagName) {
    d = document.getElementsByTagName('div');
    for (i = 0; i < d.length; i++) {
      if (d[i].className == 'log') {
        flip(d[i]);
      }
    }
  }
}

// -->
</script>

</head>
<body>
<h2 align='center'>Test2</h2><table border='1' align="center">
<tr>
<td>Tests passed/Failed/Skipped:</td><td>0/0/16</td>
</tr><tr>
<td>Started on:</td><td>Wed Nov 14 09:09:26 EST 2018</td>
</tr>
<tr><td>Total time:</td><td>0 seconds (47 ms)</td>
</tr><tr>
<td>Included groups:</td><td></td>
</tr><tr>
<td>Excluded groups:</td><td></td>
</tr>
</table><p/>
<small><i>(Hover the method name to see the test class name)</i></small><p/>
<table width='100%' border='1' class='invocation-failed'>
<tr><td colspan='4' align='center'><b>FAILED CONFIGURATIONS</b></td></tr>
<tr><td><b>Test method</b></td>
<td width="30%"><b>Exception</b></td>
<td width="10%"><b>Time (seconds)</b></td>
<td><b>Instance</b></td>
</tr>
<tr>
<td title='WebTestFrame.validateHomePage.initialize()'><b>initialize</b><br>Test class: WebTestFrame.validateHomePage</td>
<td><div><pre>java.lang.IllegalStateException: The driver executable does not exist: /Users/gouravdas/chromedriver
	at com.google.common.base.Preconditions.checkState(Preconditions.java:585)
	at org.openqa.selenium.remote.service.DriverService.checkExecutable(DriverService.java:136)
	at org.openqa.selenium.remote.service.DriverService.findExecutable(DriverService.java:131)
	at org.openqa.selenium.chrome.ChromeDriverService.access$000(ChromeDriverService.java:33)
	at org.openqa.selenium.chrome.ChromeDriverService$Builder.findDefaultExecutable(ChromeDriverService.java:139)
	at org.openqa.selenium.remote.service.DriverService$Builder.build(DriverService.java:335)
	at org.openqa.selenium.chrome.ChromeDriverService.createDefaultService(ChromeDriverService.java:89)
	at org.openqa.selenium.chrome.ChromeDriver.&lt;init&gt;(ChromeDriver.java:123)
	at resources.base.initializeDriver(base.java:33)
	at WebTestFrame.validateHomePage.initialize(validateHomePage.java:33)
... Removed 22 stack frames</pre></div><a href='#' onClick='toggleBox("stack-trace1016363973", this, "Click to show all stack frames", "Click to hide stack frames")'>Click to show all stack frames</a>
<div class='stack-trace' id='stack-trace1016363973'><pre>java.lang.IllegalStateException: The driver executable does not exist: /Users/gouravdas/chromedriver
	at com.google.common.base.Preconditions.checkState(Preconditions.java:585)
	at org.openqa.selenium.remote.service.DriverService.checkExecutable(DriverService.java:136)
	at org.openqa.selenium.remote.service.DriverService.findExecutable(DriverService.java:131)
	at org.openqa.selenium.chrome.ChromeDriverService.access$000(ChromeDriverService.java:33)
	at org.openqa.selenium.chrome.ChromeDriverService$Builder.findDefaultExecutable(ChromeDriverService.java:139)
	at org.openqa.selenium.remote.service.DriverService$Builder.build(DriverService.java:335)
	at org.openqa.selenium.chrome.ChromeDriverService.createDefaultService(ChromeDriverService.java:89)
	at org.openqa.selenium.chrome.ChromeDriver.&lt;init&gt;(ChromeDriver.java:123)
	at resources.base.initializeDriver(base.java:33)
	at WebTestFrame.validateHomePage.initialize(validateHomePage.java:33)
	at sun.reflect.NativeMethodAccessorImpl.invoke0(Native Method)
	at sun.reflect.NativeMethodAccessorImpl.invoke(NativeMethodAccessorImpl.java:62)
	at sun.reflect.DelegatingMethodAccessorImpl.invoke(DelegatingMethodAccessorImpl.java:43)
	at java.lang.reflect.Method.invoke(Method.java:498)
	at org.testng.internal.MethodInvocationHelper.invokeMethod(MethodInvocationHelper.java:80)
	at org.testng.internal.Invoker.invokeConfigurationMethod(Invoker.java:564)
	at org.testng.internal.Invoker.invokeConfigurations(Invoker.java:213)
	at org.testng.internal.Invoker.invokeConfigurations(Invoker.java:138)
	at org.testng.TestRunner.beforeRun(TestRunner.java:641)
	at org.testng.TestRunner.run(TestRunner.java:609)
	at org.testng.SuiteRunner.runTest(SuiteRunner.java:334)
	at org.testng.SuiteRunner.runSequentially(SuiteRunner.java:329)
	at org.testng.SuiteRunner.privateRun(SuiteRunner.java:291)
	at org.testng.SuiteRunner.run(SuiteRunner.java:240)
	at org.testng.SuiteRunnerWorker.runSuite(SuiteRunnerWorker.java:52)
	at org.testng.SuiteRunnerWorker.run(SuiteRunnerWorker.java:86)
	at org.testng.TestNG.runSuitesSequentially(TestNG.java:1198)
	at org.testng.TestNG.runSuitesLocally(TestNG.java:1123)
	at org.testng.TestNG.run(TestNG.java:1031)
	at org.testng.remote.AbstractRemoteTestNG.run(AbstractRemoteTestNG.java:114)
	at org.testng.remote.RemoteTestNG.initAndRun(RemoteTestNG.java:251)
	at org.testng.remote.RemoteTestNG.main(RemoteTestNG.java:77)
</pre></div></td>
<td>0</td>
<td>null</td></tr>
</table><p>
<table width='100%' border='1' class='invocation-skipped'>
<tr><td colspan='4' align='center'><b>SKIPPED CONFIGURATIONS</b></td></tr>
<tr><td><b>Test method</b></td>
<td width="30%"><b>Exception</b></td>
<td width="10%"><b>Time (seconds)</b></td>
<td><b>Instance</b></td>
</tr>
<tr>
<td title='WebTestFrame.validateHomePage.teardown()'><b>teardown</b><br>Test class: WebTestFrame.validateHomePage</td>
<td></td>
<td>0</td>
<td>null</td></tr>
</table><p>
<table width='100%' border='1' class='invocation-skipped'>
<tr><td colspan='4' align='center'><b>SKIPPED TESTS</b></td></tr>
<tr><td><b>Test method</b></td>
<td width="30%"><b>Exception</b></td>
<td width="10%"><b>Time (seconds)</b></td>
<td><b>Instance</b></td>
</tr>
<tr>
<td title='WebTestFrame.validateHomePage.allLinksHomePage()'><b>allLinksHomePage</b><br>Test class: WebTestFrame.validateHomePage</td>
<td></td>
<td>0</td>
<td>WebTestFrame.validateHomePage@76505305</td></tr>
<tr>
<td title='WebTestFrame.validateHomePage.homePNavigationDisplayed()'><b>homePNavigationDisplayed</b><br>Test class: WebTestFrame.validateHomePage</td>
<td></td>
<td>0</td>
<td>WebTestFrame.validateHomePage@76505305</td></tr>
<tr>
<td title='WebTestFrame.validateHomePage.validFCSeleStudEnrol()'><b>validFCSeleStudEnrol</b><br>Test class: WebTestFrame.validateHomePage</td>
<td></td>
<td>0</td>
<td>WebTestFrame.validateHomePage@76505305</td></tr>
<tr>
<td title='WebTestFrame.validateHomePage.validFCSelenimLinks()'><b>validFCSelenimLinks</b><br>Test class: WebTestFrame.validateHomePage</td>
<td></td>
<td>0</td>
<td>WebTestFrame.validateHomePage@76505305</td></tr>
<tr>
<td title='WebTestFrame.validateHomePage.validFCSelenimRate()'><b>validFCSelenimRate</b><br>Test class: WebTestFrame.validateHomePage</td>
<td></td>
<td>0</td>
<td>WebTestFrame.validateHomePage@76505305</td></tr>
<tr>
<td title='WebTestFrame.validateHomePage.validFCSeleniumDiscPrice()'><b>validFCSeleniumDiscPrice</b><br>Test class: WebTestFrame.validateHomePage</td>
<td></td>
<td>0</td>
<td>WebTestFrame.validateHomePage@76505305</td></tr>
<tr>
<td title='WebTestFrame.validateHomePage.validFCSeleniumPrice()'><b>validFCSeleniumPrice</b><br>Test class: WebTestFrame.validateHomePage</td>
<td></td>
<td>0</td>
<td>WebTestFrame.validateHomePage@76505305</td></tr>
<tr>
<td title='WebTestFrame.validateHomePage.validFeaturedCourses()'><b>validFeaturedCourses</b><br>Test class: WebTestFrame.validateHomePage</td>
<td></td>
<td>0</td>
<td>WebTestFrame.validateHomePage@76505305</td></tr>
<tr>
<td title='WebTestFrame.validateHomePage.validNaviBarAbout()'><b>validNaviBarAbout</b><br>Test class: WebTestFrame.validateHomePage</td>
<td></td>
<td>0</td>
<td>WebTestFrame.validateHomePage@76505305</td></tr>
<tr>
<td title='WebTestFrame.validateHomePage.validNaviBarBlog()'><b>validNaviBarBlog</b><br>Test class: WebTestFrame.validateHomePage</td>
<td></td>
<td>0</td>
<td>WebTestFrame.validateHomePage@76505305</td></tr>
<tr>
<td title='WebTestFrame.validateHomePage.validNaviBarContact()'><b>validNaviBarContact</b><br>Test class: WebTestFrame.validateHomePage</td>
<td></td>
<td>0</td>
<td>WebTestFrame.validateHomePage@76505305</td></tr>
<tr>
<td title='WebTestFrame.validateHomePage.validNaviBarCourses()'><b>validNaviBarCourses</b><br>Test class: WebTestFrame.validateHomePage</td>
<td></td>
<td>0</td>
<td>WebTestFrame.validateHomePage@76505305</td></tr>
<tr>
<td title='WebTestFrame.validateHomePage.validNaviBarHome()'><b>validNaviBarHome</b><br>Test class: WebTestFrame.validateHomePage</td>
<td></td>
<td>0</td>
<td>WebTestFrame.validateHomePage@76505305</td></tr>
<tr>
<td title='WebTestFrame.validateHomePage.validNaviBarIntGuides()'><b>validNaviBarIntGuides</b><br>Test class: WebTestFrame.validateHomePage</td>
<td></td>
<td>0</td>
<td>WebTestFrame.validateHomePage@76505305</td></tr>
<tr>
<td title='WebTestFrame.validateHomePage.validNaviBarPractice()'><b>validNaviBarPractice</b><br>Test class: WebTestFrame.validateHomePage</td>
<td></td>
<td>0</td>
<td>WebTestFrame.validateHomePage@76505305</td></tr>
<tr>
<td title='WebTestFrame.validateHomePage.validNaviBarVideos()'><b>validNaviBarVideos</b><br>Test class: WebTestFrame.validateHomePage</td>
<td></td>
<td>0</td>
<td>WebTestFrame.validateHomePage@76505305</td></tr>
</table><p>
</body>
</html>