<?xml version="1.0" encoding="UTF-8"?>
<!-- Generated by org.testng.reporters.JUnitXMLReporter -->
<testsuite hostname="Gouravs-MacBook-Air.local" name="Test2" tests="6" failures="0" timestamp="8 Nov 2018 13:02:51 GMT" time="0.026" errors="0">
  <testcase name="@BeforeTest initialize" time="0.0" classname="WebTestFrame.validateContact">
    <failure type="java.lang.IllegalStateException" message="The driver is not executable: /Users/gouravdas/git/DevTestFramework/BuildTestFrame/driver/chromedriver">
      <![CDATA[java.lang.IllegalStateException: The driver is not executable: /Users/gouravdas/git/DevTestFramework/BuildTestFrame/driver/chromedriver
	at com.google.common.base.Preconditions.checkState(Preconditions.java:585)
	at org.openqa.selenium.remote.service.DriverService.checkExecutable(DriverService.java:140)
	at org.openqa.selenium.remote.service.DriverService.findExecutable(DriverService.java:131)
	at org.openqa.selenium.chrome.ChromeDriverService.access$000(ChromeDriverService.java:33)
	at org.openqa.selenium.chrome.ChromeDriverService$Builder.findDefaultExecutable(ChromeDriverService.java:139)
	at org.openqa.selenium.remote.service.DriverService$Builder.build(DriverService.java:335)
	at org.openqa.selenium.chrome.ChromeDriverService.createDefaultService(ChromeDriverService.java:89)
	at org.openqa.selenium.chrome.ChromeDriver.<init>(ChromeDriver.java:123)
	at resources.base.initializeDriver(base.java:33)
	at WebTestFrame.validateContact.initialize(validateContact.java:36)
... Removed 22 stack frames]]>
    </failure>
  </testcase> <!-- @BeforeTest initialize -->
  <testcase name="@AfterTest teardown" time="0.0" classname="WebTestFrame.validateContact">
    <skipped/>
  </testcase> <!-- @AfterTest teardown -->
  <testcase name="validContactTitle" time="0.001" classname="WebTestFrame.validateContact">
    <skipped/>
  </testcase> <!-- validContactTitle -->
  <testcase name="validContactDetlsLable" time="0.003" classname="WebTestFrame.validateContact">
    <skipped/>
  </testcase> <!-- validContactDetlsLable -->
  <testcase name="validContactAddr" time="0.001" classname="WebTestFrame.validateContact">
    <skipped/>
  </testcase> <!-- validContactAddr -->
  <testcase name="validContactPhone" time="0.002" classname="WebTestFrame.validateContact">
    <skipped/>
  </testcase> <!-- validContactPhone -->
  <testcase name="validContactEmails" time="0.001" classname="WebTestFrame.validateContact">
    <skipped/>
  </testcase> <!-- validContactEmails -->
  <testcase name="databaseConnLogin" time="0.001" classname="WebTestFrame.validateContact">
    <skipped/>
  </testcase> <!-- databaseConnLogin -->
</testsuite> <!-- Test2 -->
