<?xml version="1.0" encoding="UTF-8"?>
<!-- Generated by org.testng.reporters.JUnitXMLReporter -->
<testsuite hostname="Gouravs-MacBook-Air.local" name="Test5"
	tests="6" failures="0" timestamp="8 Nov 2018 13:02:51 GMT" time="0.073"
	errors="0">
	<testcase name="@BeforeTest initialize" time="0.0"
		classname="WebTestFrame.validateLogin">
		<failure type="java.lang.IllegalStateException"
			message="The driver is not executable: /Users/gouravdas/git/DevTestFramework/BuildTestFrame/driver/chromedriver">
      <![CDATA[java.lang.IllegalStateException: The driver is not executable: /Users/gouravdas/git/DevTestFramework/BuildTestFrame/driver/chromedriver
	at com.google.common.base.Preconditions.checkState(Preconditions.java:585)
	at org.openqa.selenium.remote.service.DriverService.checkExecutable(DriverService.java:140)
	at org.openqa.selenium.remote.service.DriverService.findExecutable(DriverService.java:131)
	at org.openqa.selenium.chrome.ChromeDriverService.access$000(ChromeDriverService.java:33)
	at org.openqa.selenium.chrome.ChromeDriverService$Builder.findDefaultExecutable(ChromeDriverService.java:139)
	at org.openqa.selenium.remote.service.DriverService$Builder.build(DriverService.java:335)
	at org.openqa.selenium.chrome.ChromeDriverService.createDefaultService(ChromeDriverService.java:89)
	at org.openqa.selenium.chrome.ChromeDriver.<init>(ChromeDriver.java:123)
	at resources.base.initializeDriver(base.java:33)
	at WebTestFrame.validateLogin.initialize(validateLogin.java:32)
... Removed 22 stack frames]]>
		</failure>
	</testcase> <!-- @BeforeTest initialize -->
	<testcase name="@BeforeClass validPopClose" time="0.0"
		classname="WebTestFrame.validateLogin">
		<skipped />
	</testcase> <!-- @BeforeClass validPopClose -->
	<testcase name="@AfterTest teardown" time="0.0"
		classname="WebTestFrame.validateLogin">
		<skipped />
	</testcase> <!-- @AfterTest teardown -->
	<testcase name="validEmailPwd" time="0.002"
		classname="WebTestFrame.validateLogin">
		<skipped />
	</testcase> <!-- validEmailPwd -->
	<testcase name="validEmailPwd" time="0.003"
		classname="WebTestFrame.validateLogin">
		<skipped />
	</testcase> <!-- validEmailPwd -->
	<testcase name="validEmailPwd" time="0.003"
		classname="WebTestFrame.validateLogin">
		<skipped />
	</testcase> <!-- validEmailPwd -->
	<testcase name="validErrorColor" time="0.004"
		classname="WebTestFrame.validateLogin">
		<skipped />
	</testcase> <!-- validErrorColor -->
	<testcase name="validErrorBgColor" time="0.005"
		classname="WebTestFrame.validateLogin">
		<skipped />
	</testcase> <!-- validErrorBgColor -->
	<testcase name="validForgetPwd" time="0.006"
		classname="WebTestFrame.validateLogin">
		<skipped />
	</testcase> <!-- validForgetPwd -->
</testsuite> <!-- Test5 -->
