<?xml version="1.0" encoding="UTF-8"?>
<!-- Generated by org.testng.reporters.JUnitXMLReporter -->
<testsuite hostname="Gouravs-MacBook-Air.local" name="Test3"
	tests="16" failures="0" timestamp="8 Nov 2018 13:02:51 GMT"
	time="0.155" errors="0">
	<testcase name="@BeforeTest initialize" time="0.0"
		classname="WebTestFrame.validateHomePage">
		<failure type="java.lang.IllegalStateException"
			message="The driver is not executable: /Users/gouravdas/git/DevTestFramework/BuildTestFrame/driver/chromedriver">
      <![CDATA[java.lang.IllegalStateException: The driver is not executable: /Users/gouravdas/git/DevTestFramework/BuildTestFrame/driver/chromedriver
	at com.google.common.base.Preconditions.checkState(Preconditions.java:585)
	at org.openqa.selenium.remote.service.DriverService.checkExecutable(DriverService.java:140)
	at org.openqa.selenium.remote.service.DriverService.findExecutable(DriverService.java:131)
	at org.openqa.selenium.chrome.ChromeDriverService.access$000(ChromeDriverService.java:33)
	at org.openqa.selenium.chrome.ChromeDriverService$Builder.findDefaultExecutable(ChromeDriverService.java:139)
	at org.openqa.selenium.remote.service.DriverService$Builder.build(DriverService.java:335)
	at org.openqa.selenium.chrome.ChromeDriverService.createDefaultService(ChromeDriverService.java:89)
	at org.openqa.selenium.chrome.ChromeDriver.<init>(ChromeDriver.java:123)
	at resources.base.initializeDriver(base.java:33)
	at WebTestFrame.validateHomePage.initialize(validateHomePage.java:33)
... Removed 22 stack frames]]>
		</failure>
	</testcase> <!-- @BeforeTest initialize -->
	<testcase name="@AfterTest teardown" time="0.0"
		classname="WebTestFrame.validateHomePage">
		<skipped />
	</testcase> <!-- @AfterTest teardown -->
	<testcase name="allLinksHomePage" time="0.002"
		classname="WebTestFrame.validateHomePage">
		<skipped />
	</testcase> <!-- allLinksHomePage -->
	<testcase name="homePNavigationDisplayed" time="0.007"
		classname="WebTestFrame.validateHomePage">
		<skipped />
	</testcase> <!-- homePNavigationDisplayed -->
	<testcase name="validFCSeleStudEnrol" time="0.002"
		classname="WebTestFrame.validateHomePage">
		<skipped />
	</testcase> <!-- validFCSeleStudEnrol -->
	<testcase name="validFCSelenimLinks" time="0.005"
		classname="WebTestFrame.validateHomePage">
		<skipped />
	</testcase> <!-- validFCSelenimLinks -->
	<testcase name="validFCSelenimRate" time="0.003"
		classname="WebTestFrame.validateHomePage">
		<skipped />
	</testcase> <!-- validFCSelenimRate -->
	<testcase name="validFCSeleniumDiscPrice" time="0.003"
		classname="WebTestFrame.validateHomePage">
		<skipped />
	</testcase> <!-- validFCSeleniumDiscPrice -->
	<testcase name="validFCSeleniumPrice" time="0.002"
		classname="WebTestFrame.validateHomePage">
		<skipped />
	</testcase> <!-- validFCSeleniumPrice -->
	<testcase name="validFeaturedCourses" time="0.002"
		classname="WebTestFrame.validateHomePage">
		<skipped />
	</testcase> <!-- validFeaturedCourses -->
	<testcase name="validNaviBarAbout" time="0.008"
		classname="WebTestFrame.validateHomePage">
		<skipped />
	</testcase> <!-- validNaviBarAbout -->
	<testcase name="validNaviBarBlog" time="0.007"
		classname="WebTestFrame.validateHomePage">
		<skipped />
	</testcase> <!-- validNaviBarBlog -->
	<testcase name="validNaviBarContact" time="0.003"
		classname="WebTestFrame.validateHomePage">
		<skipped />
	</testcase> <!-- validNaviBarContact -->
	<testcase name="validNaviBarCourses" time="0.003"
		classname="WebTestFrame.validateHomePage">
		<skipped />
	</testcase> <!-- validNaviBarCourses -->
	<testcase name="validNaviBarHome" time="0.006"
		classname="WebTestFrame.validateHomePage">
		<skipped />
	</testcase> <!-- validNaviBarHome -->
	<testcase name="validNaviBarIntGuides" time="0.007"
		classname="WebTestFrame.validateHomePage">
		<skipped />
	</testcase> <!-- validNaviBarIntGuides -->
	<testcase name="validNaviBarPractice" time="0.002"
		classname="WebTestFrame.validateHomePage">
		<skipped />
	</testcase> <!-- validNaviBarPractice -->
	<testcase name="validNaviBarVideos" time="0.003"
		classname="WebTestFrame.validateHomePage">
		<skipped />
	</testcase> <!-- validNaviBarVideos -->
</testsuite> <!-- Test3 -->
